Build started 2/12/2014 4:16:40 PM.
     1>Project "C:\Users\charlesdowns\documents\visual studio 2010\Projects\Uprising\Uprising\Uprising.vcxproj" on node 2 (build target(s)).
     1>InitializeBuildStatus:
         Creating "Debug\Uprising.unsuccessfulbuild" because "AlwaysCreate" was specified.
       ClCompile:
         C:\Program Files (x86)\Microsoft Visual Studio 10.0\VC\bin\CL.exe /c /ZI /nologo /W3 /WX- /Od /Oy- /D _MBCS /Gm /EHsc /RTC1 /MDd /GS /fp:precise /Zc:wchar_t /Zc:forScope /Fo"Debug\\" /Fd"Debug\vc100.pdb" /Gd /TP /analyze- /errorReport:prompt Direct3D.cpp main.cpp
         Direct3D.cpp
         Generating Code...
     1>c:\users\charlesdowns\documents\visual studio 2010\projects\uprising\uprising\direct3d.cpp(111): warning C4715: 'Direct3D::MsgProc' : not all control paths return a value
         Skipping... (no relevant changes detected)
         main.cpp
       Link:
         C:\Program Files (x86)\Microsoft Visual Studio 10.0\VC\bin\link.exe /ERRORREPORT:PROMPT /OUT:"C:\Users\charlesdowns\documents\visual studio 2010\Projects\Uprising\Debug\Uprising.exe" /NOLOGO kernel32.lib user32.lib gdi32.lib winspool.lib comdlg32.lib advapi32.lib shell32.lib ole32.lib oleaut32.lib uuid.lib odbc32.lib odbccp32.lib /MANIFEST /ManifestFile:"Debug\Uprising.exe.intermediate.manifest" /MANIFESTUAC:"level='asInvoker' uiAccess='false'" /DEBUG /PDB:"C:\Users\charlesdowns\documents\visual studio 2010\Projects\Uprising\Debug\Uprising.pdb" /TLBID:1 /DYNAMICBASE /NXCOMPAT /IMPLIB:"C:\Users\charlesdowns\documents\visual studio 2010\Projects\Uprising\Debug\Uprising.lib" /MACHINE:X86 Debug\Direct3D.obj
         Debug\DxUtil.obj
         Debug\main.obj
         Debug\Model.obj
         LINK : C:\Users\charlesdowns\documents\visual studio 2010\Projects\Uprising\Debug\Uprising.exe not found or not built by the last incremental link; performing full link
         Uprising.vcxproj -> C:\Users\charlesdowns\documents\visual studio 2010\Projects\Uprising\Debug\Uprising.exe
       Manifest:
         C:\Program Files (x86)\Microsoft SDKs\Windows\v7.0A\bin\mt.exe /nologo /verbose /outputresource:"C:\Users\charlesdowns\documents\visual studio 2010\Projects\Uprising\Debug\Uprising.exe;#1" /manifest Debug\Uprising.exe.intermediate.manifest
       FinalizeBuildStatus:
         Deleting file "Debug\Uprising.unsuccessfulbuild".
         Touching "Debug\Uprising.lastbuildstate".
     1>Done Building Project "C:\Users\charlesdowns\documents\visual studio 2010\Projects\Uprising\Uprising\Uprising.vcxproj" (build target(s)).

Build succeeded.

Time Elapsed 00:00:02.44
