Build started 22/10/2013 13:14:39.
     1>Project "C:\Users\staffuser\Desktop\D3D Research code\D3DApp\D3DApp\D3DApp.vcxproj" on node 2 (build target(s)).
     1>PrepareForBuild:
         Creating directory "C:\Users\staffuser\Desktop\D3D Research code\D3DApp\Debug\".
       InitializeBuildStatus:
         Creating "Debug\D3DApp.unsuccessfulbuild" because "AlwaysCreate" was specified.
       ClCompile:
         C:\Program Files (x86)\Microsoft Visual Studio 10.0\VC\bin\CL.exe /c /ZI /nologo /W3 /WX- /Od /Oy- /D _MBCS /Gm /EHsc /RTC1 /MDd /GS /fp:precise /Zc:wchar_t /Zc:forScope /Fo"Debug\\" /Fd"Debug\vc100.pdb" /Gd /TP /analyze- /errorReport:prompt D3DApp.cpp main.cpp
         main.cpp
         D3DApp.cpp
         Generating Code...
     1>c:\users\staffuser\desktop\d3d research code\d3dapp\d3dapp\d3dapp.cpp(61): warning C4715: 'WndProc' : not all control paths return a value
       Link:
         C:\Program Files (x86)\Microsoft Visual Studio 10.0\VC\bin\link.exe /ERRORREPORT:PROMPT /OUT:"C:\Users\staffuser\Desktop\D3D Research code\D3DApp\Debug\D3DApp.exe" /NOLOGO kernel32.lib user32.lib gdi32.lib winspool.lib comdlg32.lib advapi32.lib shell32.lib ole32.lib oleaut32.lib uuid.lib odbc32.lib odbccp32.lib /MANIFEST /ManifestFile:"Debug\D3DApp.exe.intermediate.manifest" /MANIFESTUAC:"level='asInvoker' uiAccess='false'" /DEBUG /PDB:"C:\Users\staffuser\Desktop\D3D Research code\D3DApp\Debug\D3DApp.pdb" /TLBID:1 /DYNAMICBASE /NXCOMPAT /IMPLIB:"C:\Users\staffuser\Desktop\D3D Research code\D3DApp\Debug\D3DApp.lib" /MACHINE:X86 Debug\D3DApp.obj
         Debug\main.obj
         D3DApp.vcxproj -> C:\Users\staffuser\Desktop\D3D Research code\D3DApp\Debug\D3DApp.exe
       Manifest:
         C:\Program Files (x86)\Microsoft SDKs\Windows\v7.0A\bin\mt.exe /nologo /verbose /outputresource:"C:\Users\staffuser\Desktop\D3D Research code\D3DApp\Debug\D3DApp.exe;#1" /manifest Debug\D3DApp.exe.intermediate.manifest
       FinalizeBuildStatus:
         Deleting file "Debug\D3DApp.unsuccessfulbuild".
         Touching "Debug\D3DApp.lastbuildstate".
     1>Done Building Project "C:\Users\staffuser\Desktop\D3D Research code\D3DApp\D3DApp\D3DApp.vcxproj" (build target(s)).

Build succeeded.

Time Elapsed 00:00:11.06
