Build started 3/13/2014 1:17:17 PM.
     1>Project "C:\Users\charlesdowns\documents\visual studio 2010\Projects\Uprising\Uprising\Uprising.vcxproj" on node 2 (build target(s)).
     1>InitializeBuildStatus:
         Creating "Release\Uprising.unsuccessfulbuild" because "AlwaysCreate" was specified.
       ClCompile:
         C:\Program Files (x86)\Microsoft Visual Studio 10.0\VC\bin\CL.exe /c /Zi /nologo /W3 /WX- /O2 /Oi /Oy- /GL /D _MBCS /Gm- /EHsc /MD /GS /Gy /fp:precise /Zc:wchar_t /Zc:forScope /Fo"Release\\" /Fd"Release\vc100.pdb" /Gd /TP /analyze- /errorReport:prompt main.cpp
         main.cpp
       Link:
         C:\Program Files (x86)\Microsoft Visual Studio 10.0\VC\bin\link.exe /ERRORREPORT:PROMPT /OUT:"C:\Users\charlesdowns\documents\visual studio 2010\Projects\Uprising\Release\Uprising.exe" /NOLOGO kernel32.lib user32.lib gdi32.lib winspool.lib comdlg32.lib advapi32.lib shell32.lib ole32.lib oleaut32.lib uuid.lib odbc32.lib odbccp32.lib /MANIFEST /ManifestFile:"Release\Uprising.exe.intermediate.manifest" /MANIFESTUAC:"level='asInvoker' uiAccess='false'" /DEBUG /PDB:"C:\Users\charlesdowns\documents\visual studio 2010\Projects\Uprising\Release\Uprising.pdb" /OPT:REF /OPT:ICF /LTCG /TLBID:1 /DYNAMICBASE /NXCOMPAT /IMPLIB:"C:\Users\charlesdowns\documents\visual studio 2010\Projects\Uprising\Release\Uprising.lib" /MACHINE:X86 Release\Direct3D.obj
         Release\DxUtil.obj
         Release\main.obj
         Release\Model.obj
         Generating code
     1>c:\users\charlesdowns\documents\visual studio 2010\projects\uprising\uprising\direct3d.cpp(111): warning C4715: 'Direct3D::MsgProc' : not all control paths return a value
         Finished generating code
         Uprising.vcxproj -> C:\Users\charlesdowns\documents\visual studio 2010\Projects\Uprising\Release\Uprising.exe
       Manifest:
         C:\Program Files (x86)\Microsoft SDKs\Windows\v7.0A\bin\mt.exe /nologo /verbose /outputresource:"C:\Users\charlesdowns\documents\visual studio 2010\Projects\Uprising\Release\Uprising.exe;#1" /manifest Release\Uprising.exe.intermediate.manifest
       FinalizeBuildStatus:
         Deleting file "Release\Uprising.unsuccessfulbuild".
         Touching "Release\Uprising.lastbuildstate".
     1>Done Building Project "C:\Users\charlesdowns\documents\visual studio 2010\Projects\Uprising\Uprising\Uprising.vcxproj" (build target(s)).

Build succeeded.

Time Elapsed 00:00:01.27
